<?xml version="1.0" encoding="UTF-8"?>
<testsuite name="MyHashTableTest" tests="1" skipped="0" failures="0" errors="0" timestamp="2021-06-07T03:57:12" hostname="PRAVEEN-TQ9EU8H" time="0.023">
  <properties/>
  <testcase name="hashFrequencyOfRepeatingTest()" classname="MyHashTableTest" time="0.023"/>
  <system-out><![CDATA[2
]]></system-out>
  <system-err><![CDATA[]]></system-err>
</testsuite>
