<?xml version="1.0" encoding="UTF-8"?>
<testsuite name="MyHashTableTest" tests="1" skipped="0" failures="0" errors="0" timestamp="2021-06-07T03:35:37" hostname="PRAVEEN-TQ9EU8H" time="0.022">
  <properties/>
  <testcase name="hashFrequencyOfRepeatingTest2()" classname="MyHashTableTest" time="0.022"/>
  <system-out><![CDATA[3
]]></system-out>
  <system-err><![CDATA[]]></system-err>
</testsuite>
